ARM GAS  C:\Users\ASUS\AppData\Local\Temp\ccdqXAk2.s 			page 1


   1              		.cpu cortex-m4
   2              		.arch armv7e-m
   3              		.fpu fpv4-sp-d16
   4              		.eabi_attribute 27, 1
   5              		.eabi_attribute 28, 1
   6              		.eabi_attribute 20, 1
   7              		.eabi_attribute 21, 1
   8              		.eabi_attribute 23, 3
   9              		.eabi_attribute 24, 1
  10              		.eabi_attribute 25, 1
  11              		.eabi_attribute 26, 1
  12              		.eabi_attribute 30, 1
  13              		.eabi_attribute 34, 1
  14              		.eabi_attribute 18, 4
  15              		.file	"emm42.c"
  16              		.text
  17              	.Ltext0:
  18              		.cfi_sections	.debug_frame
  19              		.section	.text.hasChanged,"ax",%progbits
  20              		.align	1
  21              		.syntax unified
  22              		.thumb
  23              		.thumb_func
  25              	hasChanged:
  26              	.LVL0:
  27              	.LFB138:
  28              		.file 1 "Core/Src/emm42.c"
   1:Core/Src/emm42.c **** #include "emm42.h"
   2:Core/Src/emm42.c **** 
   3:Core/Src/emm42.c **** #include <stdint.h>
   4:Core/Src/emm42.c **** #include <string.h>
   5:Core/Src/emm42.c **** #include <stdio.h>
   6:Core/Src/emm42.c **** 
   7:Core/Src/emm42.c **** #include <usart.h>
   8:Core/Src/emm42.c **** StepperMotorControl moto1;//дЄАеПЈиљЃ
   9:Core/Src/emm42.c **** StepperMotorControl moto2;//дЇМеПЈиљЃ
  10:Core/Src/emm42.c **** StepperMotorControl moto3;//дЄЙеПЈиљЃ
  11:Core/Src/emm42.c **** StepperMotorControl moto4;//еЫЫеПЈиљЃ
  12:Core/Src/emm42.c **** /******************************************************
  13:Core/Src/emm42.c **** Function:    		void StepperMotorControl_init(StepperMotorControl *control, uint8_t address) 
  14:Core/Src/emm42.c **** Description: 		жМЗеЃЪзФµжЬЇеИЭеІЛеМЦеЗљжХ∞пЉИињЩдЄ™еЗљжХ∞жШѓзФ®жЭ•жМЗеЃЪзФµжЬЇзЪДйАЯеЇ¶зЪДпЉЙ
  15:Core/Src/emm42.c **** Calls:				 	NONE 
  16:Core/Src/emm42.c **** Input: 					StepperMotorControl *controlињЩдЄ™еПШйЗПжШѓзїУжЮДдљУеПШйЗПпЉМињЩдЄ™зїУжЮДдљУйЗМйЭҐжЬЙ2д
  17:Core/Src/emm42.c **** 								еИЖеИЂеѓєеЇФдЇЖељУеЙНеПСйАБзЪДжХ∞жНЃпЉМдЄКжђ°еПСйАБзЪДжХ∞жНЃ
  18:Core/Src/emm42.c **** 								address	жШѓзФµжЬЇиЃЊеЃЪзЪДеЬ∞еЭА
  19:Core/Src/emm42.c **** ******************************************************/
  20:Core/Src/emm42.c **** 
  21:Core/Src/emm42.c **** void StepperMotorControl_init(StepperMotorControl *control, uint8_t address) 
  22:Core/Src/emm42.c **** {
  23:Core/Src/emm42.c ****     uint8_t defaultBytes[6] = {0x00, 0xF6, 0x10, 0x00, 0xaf, 0x6B};
  24:Core/Src/emm42.c ****     memcpy(control->controlBytes, defaultBytes, 6);
  25:Core/Src/emm42.c ****     memcpy(control->lastControlBytes, defaultBytes, 6);
  26:Core/Src/emm42.c ****     control->controlBytes[0] = address;
  27:Core/Src/emm42.c **** }
  28:Core/Src/emm42.c **** 
  29:Core/Src/emm42.c **** static uint8_t hasChanged(StepperMotorControl *control) 
  30:Core/Src/emm42.c **** {
ARM GAS  C:\Users\ASUS\AppData\Local\Temp\ccdqXAk2.s 			page 2


  29              		.loc 1 30 1 view -0
  30              		.cfi_startproc
  31              		@ args = 0, pretend = 0, frame = 0
  32              		@ frame_needed = 0, uses_anonymous_args = 0
  33              		@ link register save eliminated.
  31:Core/Src/emm42.c ****     for (uint8_t i = 0; i < 6; i++) {
  34              		.loc 1 31 5 view .LVU1
  35              	.LBB2:
  36              		.loc 1 31 10 view .LVU2
  37              		.loc 1 31 18 is_stmt 0 view .LVU3
  38 0000 0023     		movs	r3, #0
  39              	.LVL1:
  40              	.L2:
  41              		.loc 1 31 25 is_stmt 1 discriminator 1 view .LVU4
  42              		.loc 1 31 5 is_stmt 0 discriminator 1 view .LVU5
  43 0002 052B     		cmp	r3, #5
  44 0004 07D8     		bhi	.L6
  32:Core/Src/emm42.c ****         if (control->controlBytes[i] != control->lastControlBytes[i]) 
  45              		.loc 1 32 9 is_stmt 1 view .LVU6
  46              		.loc 1 32 34 is_stmt 0 view .LVU7
  47 0006 C15C     		ldrb	r1, [r0, r3]	@ zero_extendqisi2
  48              		.loc 1 32 66 view .LVU8
  49 0008 C218     		adds	r2, r0, r3
  50 000a 9279     		ldrb	r2, [r2, #6]	@ zero_extendqisi2
  51              		.loc 1 32 12 view .LVU9
  52 000c 9142     		cmp	r1, r2
  53 000e 04D1     		bne	.L5
  31:Core/Src/emm42.c ****     for (uint8_t i = 0; i < 6; i++) {
  54              		.loc 1 31 32 is_stmt 1 discriminator 2 view .LVU10
  31:Core/Src/emm42.c ****     for (uint8_t i = 0; i < 6; i++) {
  55              		.loc 1 31 33 is_stmt 0 discriminator 2 view .LVU11
  56 0010 0133     		adds	r3, r3, #1
  57              	.LVL2:
  31:Core/Src/emm42.c ****     for (uint8_t i = 0; i < 6; i++) {
  58              		.loc 1 31 33 discriminator 2 view .LVU12
  59 0012 DBB2     		uxtb	r3, r3
  60              	.LVL3:
  31:Core/Src/emm42.c ****     for (uint8_t i = 0; i < 6; i++) {
  61              		.loc 1 31 33 discriminator 2 view .LVU13
  62 0014 F5E7     		b	.L2
  63              	.L6:
  31:Core/Src/emm42.c ****     for (uint8_t i = 0; i < 6; i++) {
  64              		.loc 1 31 33 discriminator 2 view .LVU14
  65              	.LBE2:
  33:Core/Src/emm42.c **** 				{
  34:Core/Src/emm42.c ****             return 1;
  35:Core/Src/emm42.c ****         }
  36:Core/Src/emm42.c ****     }
  37:Core/Src/emm42.c ****     return 0;
  66              		.loc 1 37 12 view .LVU15
  67 0016 0020     		movs	r0, #0
  68              	.LVL4:
  69              	.LBB3:
  70              		.loc 1 37 12 view .LVU16
  71 0018 7047     		bx	lr
  72              	.LVL5:
  73              	.L5:
ARM GAS  C:\Users\ASUS\AppData\Local\Temp\ccdqXAk2.s 			page 3


  34:Core/Src/emm42.c ****         }
  74              		.loc 1 34 20 view .LVU17
  75 001a 0120     		movs	r0, #1
  76              	.LVL6:
  34:Core/Src/emm42.c ****         }
  77              		.loc 1 34 20 view .LVU18
  78              	.LBE3:
  38:Core/Src/emm42.c **** }
  79              		.loc 1 38 1 view .LVU19
  80 001c 7047     		bx	lr
  81              		.cfi_endproc
  82              	.LFE138:
  84              		.section	.text.updateLastControlBytes,"ax",%progbits
  85              		.align	1
  86              		.syntax unified
  87              		.thumb
  88              		.thumb_func
  90              	updateLastControlBytes:
  91              	.LVL7:
  92              	.LFB139:
  39:Core/Src/emm42.c **** 
  40:Core/Src/emm42.c **** static void updateLastControlBytes(StepperMotorControl *control) 
  41:Core/Src/emm42.c **** {
  93              		.loc 1 41 1 is_stmt 1 view -0
  94              		.cfi_startproc
  95              		@ args = 0, pretend = 0, frame = 0
  96              		@ frame_needed = 0, uses_anonymous_args = 0
  97              		@ link register save eliminated.
  42:Core/Src/emm42.c ****     for (uint8_t i = 0; i < 6; i++) {
  98              		.loc 1 42 5 view .LVU21
  99              	.LBB4:
 100              		.loc 1 42 10 view .LVU22
 101              		.loc 1 42 18 is_stmt 0 view .LVU23
 102 0000 0023     		movs	r3, #0
 103              		.loc 1 42 5 view .LVU24
 104 0002 04E0     		b	.L8
 105              	.LVL8:
 106              	.L9:
  43:Core/Src/emm42.c ****         control->lastControlBytes[i] = control->controlBytes[i];
 107              		.loc 1 43 9 is_stmt 1 discriminator 3 view .LVU25
 108              		.loc 1 43 61 is_stmt 0 discriminator 3 view .LVU26
 109 0004 C15C     		ldrb	r1, [r0, r3]	@ zero_extendqisi2
 110              		.loc 1 43 38 discriminator 3 view .LVU27
 111 0006 C218     		adds	r2, r0, r3
 112 0008 9171     		strb	r1, [r2, #6]
  42:Core/Src/emm42.c ****     for (uint8_t i = 0; i < 6; i++) {
 113              		.loc 1 42 32 is_stmt 1 discriminator 3 view .LVU28
  42:Core/Src/emm42.c ****     for (uint8_t i = 0; i < 6; i++) {
 114              		.loc 1 42 33 is_stmt 0 discriminator 3 view .LVU29
 115 000a 0133     		adds	r3, r3, #1
 116              	.LVL9:
  42:Core/Src/emm42.c ****     for (uint8_t i = 0; i < 6; i++) {
 117              		.loc 1 42 33 discriminator 3 view .LVU30
 118 000c DBB2     		uxtb	r3, r3
 119              	.LVL10:
 120              	.L8:
  42:Core/Src/emm42.c ****     for (uint8_t i = 0; i < 6; i++) {
ARM GAS  C:\Users\ASUS\AppData\Local\Temp\ccdqXAk2.s 			page 4


 121              		.loc 1 42 25 is_stmt 1 discriminator 1 view .LVU31
  42:Core/Src/emm42.c ****     for (uint8_t i = 0; i < 6; i++) {
 122              		.loc 1 42 5 is_stmt 0 discriminator 1 view .LVU32
 123 000e 052B     		cmp	r3, #5
 124 0010 F8D9     		bls	.L9
 125              	.LBE4:
  44:Core/Src/emm42.c ****     }
  45:Core/Src/emm42.c **** }
 126              		.loc 1 45 1 view .LVU33
 127 0012 7047     		bx	lr
 128              		.cfi_endproc
 129              	.LFE139:
 131              		.section	.text.hasChanged_location,"ax",%progbits
 132              		.align	1
 133              		.syntax unified
 134              		.thumb
 135              		.thumb_func
 137              	hasChanged_location:
 138              	.LVL11:
 139              	.LFB144:
  46:Core/Src/emm42.c **** 
  47:Core/Src/emm42.c **** static void sendCommand(StepperMotorControl *control) 
  48:Core/Src/emm42.c **** {
  49:Core/Src/emm42.c ****     if (hasChanged(control)) {
  50:Core/Src/emm42.c **** 
  51:Core/Src/emm42.c **** 				HAL_UART_Transmit(&huart6, control->controlBytes, 6, 100);
  52:Core/Src/emm42.c ****         updateLastControlBytes(control);
  53:Core/Src/emm42.c ****     }
  54:Core/Src/emm42.c **** }
  55:Core/Src/emm42.c **** /******************************************************
  56:Core/Src/emm42.c **** Function:    		void set_speed(StepperMotorControl *control, uint8_t direction, uint16_t speed) 
  57:Core/Src/emm42.c **** Description: 		иЃЊзљЃзФµжЬЇзЪДиљђйАЯ
  58:Core/Src/emm42.c **** Calls:				 	static void sendCommand(StepperMotorControl *control) 
  59:Core/Src/emm42.c **** Input: 					StepperMotorControl *controlињЩдЄ™еПШйЗПжШѓзїУжЮДдљУеПШйЗПпЉМињЩдЄ™зїУжЮДдљУйЗМйЭҐжЬЙ2д
  60:Core/Src/emm42.c **** 								еИЖеИЂеѓєеЇФдЇЖељУеЙНеПСйАБзЪДжХ∞жНЃпЉМдЄКжђ°еПСйАБзЪДжХ∞жНЃ
  61:Core/Src/emm42.c **** 								direction жШѓзФµжЬЇзЪДжЦєеРС
  62:Core/Src/emm42.c **** 								speed	жШѓзФµжЬЇзЪДйАЯеЇ¶
  63:Core/Src/emm42.c **** ******************************************************/
  64:Core/Src/emm42.c **** void set_speed(StepperMotorControl *control, uint8_t direction, uint16_t speed) 
  65:Core/Src/emm42.c **** {
  66:Core/Src/emm42.c ****     if (direction) {
  67:Core/Src/emm42.c ****         control->controlBytes[2] = (0x10) | ((speed >> 8) & 0x0F); // йАЖжЧґйТИжЦєеРС
  68:Core/Src/emm42.c ****     } else {
  69:Core/Src/emm42.c ****         control->controlBytes[2] = (0x00) | ((speed >> 8) & 0x0F); // й°ЇжЧґйТИжЦєеРС
  70:Core/Src/emm42.c ****     }
  71:Core/Src/emm42.c ****     control->controlBytes[3] = speed & 0xFF;
  72:Core/Src/emm42.c ****     sendCommand(control);
  73:Core/Src/emm42.c **** }
  74:Core/Src/emm42.c **** /******************************************************
  75:Core/Src/emm42.c **** Function:    		void set_acceleration(StepperMotorControl *control, uint16_t acceleration) 
  76:Core/Src/emm42.c **** Description: 		иЃЊзљЃзФµжЬЇзЪДеК†иљђйАЯ
  77:Core/Src/emm42.c **** Calls:				 	static void sendCommand(StepperMotorControl *control) 
  78:Core/Src/emm42.c **** Input: 					StepperMotorControl *controlињЩдЄ™еПШйЗПжШѓзїУжЮДдљУеПШйЗПпЉМињЩдЄ™зїУжЮДдљУйЗМйЭҐжЬЙ2д
  79:Core/Src/emm42.c **** 								еИЖеИЂеѓєеЇФдЇЖељУеЙНеПСйАБзЪДжХ∞жНЃпЉМдЄКжђ°еПСйАБзЪДжХ∞жНЃ
  80:Core/Src/emm42.c **** 								acceleration	жШѓзФµжЬЇзЪДеК†йАЯеЇ¶
  81:Core/Src/emm42.c **** ******************************************************/
  82:Core/Src/emm42.c **** void set_acceleration(StepperMotorControl *control, uint16_t acceleration) 
ARM GAS  C:\Users\ASUS\AppData\Local\Temp\ccdqXAk2.s 			page 5


  83:Core/Src/emm42.c **** {
  84:Core/Src/emm42.c ****     control->controlBytes[4] = acceleration;
  85:Core/Src/emm42.c ****     sendCommand(control);
  86:Core/Src/emm42.c **** }
  87:Core/Src/emm42.c **** 
  88:Core/Src/emm42.c **** StepperMotorControl_location moto_9;//дЄЛ
  89:Core/Src/emm42.c **** StepperMotorControl_location moto_8;//дЄК
  90:Core/Src/emm42.c **** 
  91:Core/Src/emm42.c **** 
  92:Core/Src/emm42.c **** /******************************************************
  93:Core/Src/emm42.c **** Function:    		void StepperMotorControl_init_location(StepperMotorControl_location *control, uint8_
  94:Core/Src/emm42.c **** Description: 		жМЗеЃЪзФµжЬЇеИЭеІЛеМЦеЗљжХ∞пЉИињЩдЄ™еЗљжХ∞жШѓзФ®жЭ•жМЗеЃЪзФµжЬЇзЪДдљНзљЃзЪДпЉЙ
  95:Core/Src/emm42.c **** Calls:				 	NONE 
  96:Core/Src/emm42.c **** Input: 					StepperMotorControl_location *controlињЩдЄ™еПШйЗПжШѓзїУжЮДдљУеПШйЗПпЉМињЩдЄ™зїУжЮДдљУйЗ
  97:Core/Src/emm42.c **** 								еИЖеИЂеѓєеЇФдЇЖељУеЙНеПСйАБзЪДжХ∞жНЃпЉМдЄКжђ°еПСйАБзЪДжХ∞жНЃпЉМдї•еПКељУеЙНзЪДдљНзљЃеАЉ
  98:Core/Src/emm42.c **** 								address	жШѓзФµжЬЇиЃЊеЃЪзЪДеЬ∞еЭА
  99:Core/Src/emm42.c **** ******************************************************/
 100:Core/Src/emm42.c **** 
 101:Core/Src/emm42.c **** void StepperMotorControl_init_location(StepperMotorControl_location *control, uint8_t address) 
 102:Core/Src/emm42.c **** {
 103:Core/Src/emm42.c **** 	
 104:Core/Src/emm42.c **** 	
 105:Core/Src/emm42.c ****     uint8_t defaultBytes[9] = {0x00, 0xFD, 0x12, 0x00, 0xaf,0x00,0x00,0x00,0x6B};
 106:Core/Src/emm42.c ****     memcpy(control->controlBytes, defaultBytes, 9);
 107:Core/Src/emm42.c ****     memcpy(control->lastControlBytes, defaultBytes, 9);
 108:Core/Src/emm42.c ****     control->controlBytes[0] = address;
 109:Core/Src/emm42.c **** }
 110:Core/Src/emm42.c **** static uint8_t hasChanged_location(StepperMotorControl_location *control) 
 111:Core/Src/emm42.c **** {
 140              		.loc 1 111 1 is_stmt 1 view -0
 141              		.cfi_startproc
 142              		@ args = 0, pretend = 0, frame = 0
 143              		@ frame_needed = 0, uses_anonymous_args = 0
 144              		@ link register save eliminated.
 112:Core/Src/emm42.c ****     for (uint8_t i = 0; i < 9; i++) {
 145              		.loc 1 112 5 view .LVU35
 146              	.LBB5:
 147              		.loc 1 112 10 view .LVU36
 148              		.loc 1 112 18 is_stmt 0 view .LVU37
 149 0000 0023     		movs	r3, #0
 150              	.LVL12:
 151              	.L11:
 152              		.loc 1 112 25 is_stmt 1 discriminator 1 view .LVU38
 153              		.loc 1 112 5 is_stmt 0 discriminator 1 view .LVU39
 154 0002 082B     		cmp	r3, #8
 155 0004 07D8     		bhi	.L15
 113:Core/Src/emm42.c ****         if (control->controlBytes[i] != control->lastControlBytes[i]) 
 156              		.loc 1 113 9 is_stmt 1 view .LVU40
 157              		.loc 1 113 34 is_stmt 0 view .LVU41
 158 0006 C15C     		ldrb	r1, [r0, r3]	@ zero_extendqisi2
 159              		.loc 1 113 66 view .LVU42
 160 0008 C218     		adds	r2, r0, r3
 161 000a 527A     		ldrb	r2, [r2, #9]	@ zero_extendqisi2
 162              		.loc 1 113 12 view .LVU43
 163 000c 9142     		cmp	r1, r2
 164 000e 04D1     		bne	.L14
 112:Core/Src/emm42.c ****     for (uint8_t i = 0; i < 9; i++) {
ARM GAS  C:\Users\ASUS\AppData\Local\Temp\ccdqXAk2.s 			page 6


 165              		.loc 1 112 32 is_stmt 1 discriminator 2 view .LVU44
 112:Core/Src/emm42.c ****     for (uint8_t i = 0; i < 9; i++) {
 166              		.loc 1 112 33 is_stmt 0 discriminator 2 view .LVU45
 167 0010 0133     		adds	r3, r3, #1
 168              	.LVL13:
 112:Core/Src/emm42.c ****     for (uint8_t i = 0; i < 9; i++) {
 169              		.loc 1 112 33 discriminator 2 view .LVU46
 170 0012 DBB2     		uxtb	r3, r3
 171              	.LVL14:
 112:Core/Src/emm42.c ****     for (uint8_t i = 0; i < 9; i++) {
 172              		.loc 1 112 33 discriminator 2 view .LVU47
 173 0014 F5E7     		b	.L11
 174              	.L15:
 112:Core/Src/emm42.c ****     for (uint8_t i = 0; i < 9; i++) {
 175              		.loc 1 112 33 discriminator 2 view .LVU48
 176              	.LBE5:
 114:Core/Src/emm42.c **** 				{
 115:Core/Src/emm42.c ****             return 1;
 116:Core/Src/emm42.c ****         }
 117:Core/Src/emm42.c ****     }
 118:Core/Src/emm42.c ****     return 0;
 177              		.loc 1 118 12 view .LVU49
 178 0016 0020     		movs	r0, #0
 179              	.LVL15:
 180              	.LBB6:
 181              		.loc 1 118 12 view .LVU50
 182 0018 7047     		bx	lr
 183              	.LVL16:
 184              	.L14:
 115:Core/Src/emm42.c ****         }
 185              		.loc 1 115 20 view .LVU51
 186 001a 0120     		movs	r0, #1
 187              	.LVL17:
 115:Core/Src/emm42.c ****         }
 188              		.loc 1 115 20 view .LVU52
 189              	.LBE6:
 119:Core/Src/emm42.c **** }
 190              		.loc 1 119 1 view .LVU53
 191 001c 7047     		bx	lr
 192              		.cfi_endproc
 193              	.LFE144:
 195              		.section	.text.updateLastControlBytes_location,"ax",%progbits
 196              		.align	1
 197              		.syntax unified
 198              		.thumb
 199              		.thumb_func
 201              	updateLastControlBytes_location:
 202              	.LVL18:
 203              	.LFB145:
 120:Core/Src/emm42.c **** static void updateLastControlBytes_location(StepperMotorControl_location *control) 
 121:Core/Src/emm42.c **** {
 204              		.loc 1 121 1 is_stmt 1 view -0
 205              		.cfi_startproc
 206              		@ args = 0, pretend = 0, frame = 0
 207              		@ frame_needed = 0, uses_anonymous_args = 0
 208              		@ link register save eliminated.
 122:Core/Src/emm42.c ****     for (uint8_t i = 0; i < 9; i++) {
ARM GAS  C:\Users\ASUS\AppData\Local\Temp\ccdqXAk2.s 			page 7


 209              		.loc 1 122 5 view .LVU55
 210              	.LBB7:
 211              		.loc 1 122 10 view .LVU56
 212              		.loc 1 122 18 is_stmt 0 view .LVU57
 213 0000 0023     		movs	r3, #0
 214              		.loc 1 122 5 view .LVU58
 215 0002 04E0     		b	.L17
 216              	.LVL19:
 217              	.L18:
 123:Core/Src/emm42.c ****         control->lastControlBytes[i] = control->controlBytes[i];
 218              		.loc 1 123 9 is_stmt 1 discriminator 3 view .LVU59
 219              		.loc 1 123 61 is_stmt 0 discriminator 3 view .LVU60
 220 0004 C15C     		ldrb	r1, [r0, r3]	@ zero_extendqisi2
 221              		.loc 1 123 38 discriminator 3 view .LVU61
 222 0006 C218     		adds	r2, r0, r3
 223 0008 5172     		strb	r1, [r2, #9]
 122:Core/Src/emm42.c ****     for (uint8_t i = 0; i < 9; i++) {
 224              		.loc 1 122 32 is_stmt 1 discriminator 3 view .LVU62
 122:Core/Src/emm42.c ****     for (uint8_t i = 0; i < 9; i++) {
 225              		.loc 1 122 33 is_stmt 0 discriminator 3 view .LVU63
 226 000a 0133     		adds	r3, r3, #1
 227              	.LVL20:
 122:Core/Src/emm42.c ****     for (uint8_t i = 0; i < 9; i++) {
 228              		.loc 1 122 33 discriminator 3 view .LVU64
 229 000c DBB2     		uxtb	r3, r3
 230              	.LVL21:
 231              	.L17:
 122:Core/Src/emm42.c ****     for (uint8_t i = 0; i < 9; i++) {
 232              		.loc 1 122 25 is_stmt 1 discriminator 1 view .LVU65
 122:Core/Src/emm42.c ****     for (uint8_t i = 0; i < 9; i++) {
 233              		.loc 1 122 5 is_stmt 0 discriminator 1 view .LVU66
 234 000e 082B     		cmp	r3, #8
 235 0010 F8D9     		bls	.L18
 236              	.LBE7:
 124:Core/Src/emm42.c ****     }
 125:Core/Src/emm42.c **** }
 237              		.loc 1 125 1 view .LVU67
 238 0012 7047     		bx	lr
 239              		.cfi_endproc
 240              	.LFE145:
 242              		.section	.text.sendCommand,"ax",%progbits
 243              		.align	1
 244              		.syntax unified
 245              		.thumb
 246              		.thumb_func
 248              	sendCommand:
 249              	.LVL22:
 250              	.LFB140:
  48:Core/Src/emm42.c ****     if (hasChanged(control)) {
 251              		.loc 1 48 1 is_stmt 1 view -0
 252              		.cfi_startproc
 253              		@ args = 0, pretend = 0, frame = 0
 254              		@ frame_needed = 0, uses_anonymous_args = 0
  48:Core/Src/emm42.c ****     if (hasChanged(control)) {
 255              		.loc 1 48 1 is_stmt 0 view .LVU69
 256 0000 10B5     		push	{r4, lr}
 257              	.LCFI0:
ARM GAS  C:\Users\ASUS\AppData\Local\Temp\ccdqXAk2.s 			page 8


 258              		.cfi_def_cfa_offset 8
 259              		.cfi_offset 4, -8
 260              		.cfi_offset 14, -4
 261 0002 0446     		mov	r4, r0
  49:Core/Src/emm42.c **** 
 262              		.loc 1 49 5 is_stmt 1 view .LVU70
  49:Core/Src/emm42.c **** 
 263              		.loc 1 49 9 is_stmt 0 view .LVU71
 264 0004 FFF7FEFF 		bl	hasChanged
 265              	.LVL23:
  49:Core/Src/emm42.c **** 
 266              		.loc 1 49 8 view .LVU72
 267 0008 00B9     		cbnz	r0, .L22
 268              	.L19:
  54:Core/Src/emm42.c **** /******************************************************
 269              		.loc 1 54 1 view .LVU73
 270 000a 10BD     		pop	{r4, pc}
 271              	.LVL24:
 272              	.L22:
  51:Core/Src/emm42.c ****         updateLastControlBytes(control);
 273              		.loc 1 51 5 is_stmt 1 view .LVU74
 274 000c 6423     		movs	r3, #100
 275 000e 0622     		movs	r2, #6
 276 0010 2146     		mov	r1, r4
 277 0012 0348     		ldr	r0, .L23
 278 0014 FFF7FEFF 		bl	HAL_UART_Transmit
 279              	.LVL25:
  52:Core/Src/emm42.c ****     }
 280              		.loc 1 52 9 view .LVU75
 281 0018 2046     		mov	r0, r4
 282 001a FFF7FEFF 		bl	updateLastControlBytes
 283              	.LVL26:
  54:Core/Src/emm42.c **** /******************************************************
 284              		.loc 1 54 1 is_stmt 0 view .LVU76
 285 001e F4E7     		b	.L19
 286              	.L24:
 287              		.align	2
 288              	.L23:
 289 0020 00000000 		.word	huart6
 290              		.cfi_endproc
 291              	.LFE140:
 293              		.section	.text.sendCommand_location,"ax",%progbits
 294              		.align	1
 295              		.syntax unified
 296              		.thumb
 297              		.thumb_func
 299              	sendCommand_location:
 300              	.LVL27:
 301              	.LFB146:
 126:Core/Src/emm42.c **** 
 127:Core/Src/emm42.c **** static void sendCommand_location(StepperMotorControl_location *control) 
 128:Core/Src/emm42.c **** {
 302              		.loc 1 128 1 is_stmt 1 view -0
 303              		.cfi_startproc
 304              		@ args = 0, pretend = 0, frame = 0
 305              		@ frame_needed = 0, uses_anonymous_args = 0
 306              		.loc 1 128 1 is_stmt 0 view .LVU78
ARM GAS  C:\Users\ASUS\AppData\Local\Temp\ccdqXAk2.s 			page 9


 307 0000 10B5     		push	{r4, lr}
 308              	.LCFI1:
 309              		.cfi_def_cfa_offset 8
 310              		.cfi_offset 4, -8
 311              		.cfi_offset 14, -4
 312 0002 0446     		mov	r4, r0
 129:Core/Src/emm42.c ****     if (hasChanged_location(control)) {
 313              		.loc 1 129 5 is_stmt 1 view .LVU79
 314              		.loc 1 129 9 is_stmt 0 view .LVU80
 315 0004 FFF7FEFF 		bl	hasChanged_location
 316              	.LVL28:
 317              		.loc 1 129 8 view .LVU81
 318 0008 00B9     		cbnz	r0, .L28
 319              	.L25:
 130:Core/Src/emm42.c **** 
 131:Core/Src/emm42.c **** 				HAL_UART_Transmit(&huart6, control->controlBytes, 9, 100);
 132:Core/Src/emm42.c ****         updateLastControlBytes_location(control);
 133:Core/Src/emm42.c ****     }
 134:Core/Src/emm42.c **** }
 320              		.loc 1 134 1 view .LVU82
 321 000a 10BD     		pop	{r4, pc}
 322              	.LVL29:
 323              	.L28:
 131:Core/Src/emm42.c ****         updateLastControlBytes_location(control);
 324              		.loc 1 131 5 is_stmt 1 view .LVU83
 325 000c 6423     		movs	r3, #100
 326 000e 0922     		movs	r2, #9
 327 0010 2146     		mov	r1, r4
 328 0012 0348     		ldr	r0, .L29
 329 0014 FFF7FEFF 		bl	HAL_UART_Transmit
 330              	.LVL30:
 132:Core/Src/emm42.c ****     }
 331              		.loc 1 132 9 view .LVU84
 332 0018 2046     		mov	r0, r4
 333 001a FFF7FEFF 		bl	updateLastControlBytes_location
 334              	.LVL31:
 335              		.loc 1 134 1 is_stmt 0 view .LVU85
 336 001e F4E7     		b	.L25
 337              	.L30:
 338              		.align	2
 339              	.L29:
 340 0020 00000000 		.word	huart6
 341              		.cfi_endproc
 342              	.LFE146:
 344              		.section	.text.set_location,"ax",%progbits
 345              		.align	1
 346              		.syntax unified
 347              		.thumb
 348              		.thumb_func
 350              	set_location:
 351              	.LVL32:
 352              	.LFB147:
 135:Core/Src/emm42.c **** 
 136:Core/Src/emm42.c **** static void set_location(StepperMotorControl_location *control, Command com, int pulse_num) 
 137:Core/Src/emm42.c **** {		
 353              		.loc 1 137 1 is_stmt 1 view -0
 354              		.cfi_startproc
ARM GAS  C:\Users\ASUS\AppData\Local\Temp\ccdqXAk2.s 			page 10


 355              		@ args = 0, pretend = 0, frame = 0
 356              		@ frame_needed = 0, uses_anonymous_args = 0
 357              		.loc 1 137 1 is_stmt 0 view .LVU87
 358 0000 08B5     		push	{r3, lr}
 359              	.LCFI2:
 360              		.cfi_def_cfa_offset 8
 361              		.cfi_offset 3, -8
 362              		.cfi_offset 14, -4
 138:Core/Src/emm42.c **** 	control->controlBytes[2] =com;
 363              		.loc 1 138 2 is_stmt 1 view .LVU88
 364              		.loc 1 138 27 is_stmt 0 view .LVU89
 365 0002 8170     		strb	r1, [r0, #2]
 139:Core/Src/emm42.c **** 	
 140:Core/Src/emm42.c **** 	control->controlBytes[6] = pulse_num>>8;/* иДЙеЖ≤жХ∞дЄ≠е≠ЧиКВ */
 366              		.loc 1 140 2 is_stmt 1 view .LVU90
 367              		.loc 1 140 38 is_stmt 0 view .LVU91
 368 0004 1112     		asrs	r1, r2, #8
 369              	.LVL33:
 370              		.loc 1 140 27 view .LVU92
 371 0006 8171     		strb	r1, [r0, #6]
 141:Core/Src/emm42.c **** 	control->controlBytes[7] = pulse_num-((pulse_num>>8)<<8);	/* иДЙеЖ≤жХ∞дљОе≠ЧиКВ */
 372              		.loc 1 141 2 is_stmt 1 view .LVU93
 373              		.loc 1 141 27 is_stmt 0 view .LVU94
 374 0008 C271     		strb	r2, [r0, #7]
 142:Core/Src/emm42.c **** 
 143:Core/Src/emm42.c ****     sendCommand_location(control);
 375              		.loc 1 143 5 is_stmt 1 view .LVU95
 376 000a FFF7FEFF 		bl	sendCommand_location
 377              	.LVL34:
 144:Core/Src/emm42.c **** }
 378              		.loc 1 144 1 is_stmt 0 view .LVU96
 379 000e 08BD     		pop	{r3, pc}
 380              		.cfi_endproc
 381              	.LFE147:
 383              		.section	.text.StepperMotorControl_init,"ax",%progbits
 384              		.align	1
 385              		.global	StepperMotorControl_init
 386              		.syntax unified
 387              		.thumb
 388              		.thumb_func
 390              	StepperMotorControl_init:
 391              	.LVL35:
 392              	.LFB137:
  22:Core/Src/emm42.c ****     uint8_t defaultBytes[6] = {0x00, 0xF6, 0x10, 0x00, 0xaf, 0x6B};
 393              		.loc 1 22 1 is_stmt 1 view -0
 394              		.cfi_startproc
 395              		@ args = 0, pretend = 0, frame = 8
 396              		@ frame_needed = 0, uses_anonymous_args = 0
 397              		@ link register save eliminated.
  22:Core/Src/emm42.c ****     uint8_t defaultBytes[6] = {0x00, 0xF6, 0x10, 0x00, 0xaf, 0x6B};
 398              		.loc 1 22 1 is_stmt 0 view .LVU98
 399 0000 82B0     		sub	sp, sp, #8
 400              	.LCFI3:
 401              		.cfi_def_cfa_offset 8
 402 0002 0346     		mov	r3, r0
 403 0004 8C46     		mov	ip, r1
  23:Core/Src/emm42.c ****     memcpy(control->controlBytes, defaultBytes, 6);
ARM GAS  C:\Users\ASUS\AppData\Local\Temp\ccdqXAk2.s 			page 11


 404              		.loc 1 23 5 is_stmt 1 view .LVU99
  23:Core/Src/emm42.c ****     memcpy(control->controlBytes, defaultBytes, 6);
 405              		.loc 1 23 13 is_stmt 0 view .LVU100
 406 0006 084A     		ldr	r2, .L35
 407 0008 92E80300 		ldm	r2, {r0, r1}
 408              	.LVL36:
  23:Core/Src/emm42.c ****     memcpy(control->controlBytes, defaultBytes, 6);
 409              		.loc 1 23 13 view .LVU101
 410 000c 0090     		str	r0, [sp]
 411 000e ADF80410 		strh	r1, [sp, #4]	@ movhi
  24:Core/Src/emm42.c ****     memcpy(control->lastControlBytes, defaultBytes, 6);
 412              		.loc 1 24 5 is_stmt 1 view .LVU102
 413 0012 1860     		str	r0, [r3]	@ unaligned
 414 0014 BDF80420 		ldrh	r2, [sp, #4]	@ unaligned
 415 0018 9A80     		strh	r2, [r3, #4]	@ unaligned
  25:Core/Src/emm42.c ****     control->controlBytes[0] = address;
 416              		.loc 1 25 5 view .LVU103
 417 001a C3F80600 		str	r0, [r3, #6]	@ unaligned
 418 001e 5A81     		strh	r2, [r3, #10]	@ unaligned
  26:Core/Src/emm42.c **** }
 419              		.loc 1 26 5 view .LVU104
  26:Core/Src/emm42.c **** }
 420              		.loc 1 26 30 is_stmt 0 view .LVU105
 421 0020 83F800C0 		strb	ip, [r3]
  27:Core/Src/emm42.c **** 
 422              		.loc 1 27 1 view .LVU106
 423 0024 02B0     		add	sp, sp, #8
 424              	.LCFI4:
 425              		.cfi_def_cfa_offset 0
 426              		@ sp needed
 427 0026 7047     		bx	lr
 428              	.L36:
 429              		.align	2
 430              	.L35:
 431 0028 00000000 		.word	.LANCHOR0
 432              		.cfi_endproc
 433              	.LFE137:
 435              		.section	.text.set_speed,"ax",%progbits
 436              		.align	1
 437              		.global	set_speed
 438              		.syntax unified
 439              		.thumb
 440              		.thumb_func
 442              	set_speed:
 443              	.LVL37:
 444              	.LFB141:
  65:Core/Src/emm42.c ****     if (direction) {
 445              		.loc 1 65 1 is_stmt 1 view -0
 446              		.cfi_startproc
 447              		@ args = 0, pretend = 0, frame = 0
 448              		@ frame_needed = 0, uses_anonymous_args = 0
  65:Core/Src/emm42.c ****     if (direction) {
 449              		.loc 1 65 1 is_stmt 0 view .LVU108
 450 0000 08B5     		push	{r3, lr}
 451              	.LCFI5:
 452              		.cfi_def_cfa_offset 8
 453              		.cfi_offset 3, -8
ARM GAS  C:\Users\ASUS\AppData\Local\Temp\ccdqXAk2.s 			page 12


 454              		.cfi_offset 14, -4
  66:Core/Src/emm42.c ****         control->controlBytes[2] = (0x10) | ((speed >> 8) & 0x0F); // йАЖжЧґйТИжЦєеРС
 455              		.loc 1 66 5 is_stmt 1 view .LVU109
  66:Core/Src/emm42.c ****         control->controlBytes[2] = (0x10) | ((speed >> 8) & 0x0F); // йАЖжЧґйТИжЦєеРС
 456              		.loc 1 66 8 is_stmt 0 view .LVU110
 457 0002 41B1     		cbz	r1, .L38
  67:Core/Src/emm42.c ****     } else {
 458              		.loc 1 67 9 is_stmt 1 view .LVU111
  67:Core/Src/emm42.c ****     } else {
 459              		.loc 1 67 59 is_stmt 0 view .LVU112
 460 0004 C2F30323 		ubfx	r3, r2, #8, #4
  67:Core/Src/emm42.c ****     } else {
 461              		.loc 1 67 43 view .LVU113
 462 0008 43F01003 		orr	r3, r3, #16
  67:Core/Src/emm42.c ****     } else {
 463              		.loc 1 67 34 view .LVU114
 464 000c 8370     		strb	r3, [r0, #2]
 465              	.L39:
  71:Core/Src/emm42.c ****     sendCommand(control);
 466              		.loc 1 71 5 is_stmt 1 view .LVU115
  71:Core/Src/emm42.c ****     sendCommand(control);
 467              		.loc 1 71 30 is_stmt 0 view .LVU116
 468 000e C270     		strb	r2, [r0, #3]
  72:Core/Src/emm42.c **** }
 469              		.loc 1 72 5 is_stmt 1 view .LVU117
 470 0010 FFF7FEFF 		bl	sendCommand
 471              	.LVL38:
  73:Core/Src/emm42.c **** /******************************************************
 472              		.loc 1 73 1 is_stmt 0 view .LVU118
 473 0014 08BD     		pop	{r3, pc}
 474              	.LVL39:
 475              	.L38:
  69:Core/Src/emm42.c ****     }
 476              		.loc 1 69 9 is_stmt 1 view .LVU119
  69:Core/Src/emm42.c ****     }
 477              		.loc 1 69 43 is_stmt 0 view .LVU120
 478 0016 C2F30323 		ubfx	r3, r2, #8, #4
  69:Core/Src/emm42.c ****     }
 479              		.loc 1 69 34 view .LVU121
 480 001a 8370     		strb	r3, [r0, #2]
 481 001c F7E7     		b	.L39
 482              		.cfi_endproc
 483              	.LFE141:
 485              		.section	.text.set_acceleration,"ax",%progbits
 486              		.align	1
 487              		.global	set_acceleration
 488              		.syntax unified
 489              		.thumb
 490              		.thumb_func
 492              	set_acceleration:
 493              	.LVL40:
 494              	.LFB142:
  83:Core/Src/emm42.c ****     control->controlBytes[4] = acceleration;
 495              		.loc 1 83 1 is_stmt 1 view -0
 496              		.cfi_startproc
 497              		@ args = 0, pretend = 0, frame = 0
 498              		@ frame_needed = 0, uses_anonymous_args = 0
ARM GAS  C:\Users\ASUS\AppData\Local\Temp\ccdqXAk2.s 			page 13


  83:Core/Src/emm42.c ****     control->controlBytes[4] = acceleration;
 499              		.loc 1 83 1 is_stmt 0 view .LVU123
 500 0000 08B5     		push	{r3, lr}
 501              	.LCFI6:
 502              		.cfi_def_cfa_offset 8
 503              		.cfi_offset 3, -8
 504              		.cfi_offset 14, -4
  84:Core/Src/emm42.c ****     sendCommand(control);
 505              		.loc 1 84 5 is_stmt 1 view .LVU124
  84:Core/Src/emm42.c ****     sendCommand(control);
 506              		.loc 1 84 30 is_stmt 0 view .LVU125
 507 0002 0171     		strb	r1, [r0, #4]
  85:Core/Src/emm42.c **** }
 508              		.loc 1 85 5 is_stmt 1 view .LVU126
 509 0004 FFF7FEFF 		bl	sendCommand
 510              	.LVL41:
  86:Core/Src/emm42.c **** 
 511              		.loc 1 86 1 is_stmt 0 view .LVU127
 512 0008 08BD     		pop	{r3, pc}
 513              		.cfi_endproc
 514              	.LFE142:
 516              		.section	.text.StepperMotorControl_init_location,"ax",%progbits
 517              		.align	1
 518              		.global	StepperMotorControl_init_location
 519              		.syntax unified
 520              		.thumb
 521              		.thumb_func
 523              	StepperMotorControl_init_location:
 524              	.LVL42:
 525              	.LFB143:
 102:Core/Src/emm42.c **** 	
 526              		.loc 1 102 1 is_stmt 1 view -0
 527              		.cfi_startproc
 528              		@ args = 0, pretend = 0, frame = 16
 529              		@ frame_needed = 0, uses_anonymous_args = 0
 102:Core/Src/emm42.c **** 	
 530              		.loc 1 102 1 is_stmt 0 view .LVU129
 531 0000 00B5     		push	{lr}
 532              	.LCFI7:
 533              		.cfi_def_cfa_offset 4
 534              		.cfi_offset 14, -4
 535 0002 85B0     		sub	sp, sp, #20
 536              	.LCFI8:
 537              		.cfi_def_cfa_offset 24
 538 0004 0346     		mov	r3, r0
 539 0006 8E46     		mov	lr, r1
 105:Core/Src/emm42.c ****     memcpy(control->controlBytes, defaultBytes, 9);
 540              		.loc 1 105 5 is_stmt 1 view .LVU130
 105:Core/Src/emm42.c ****     memcpy(control->controlBytes, defaultBytes, 9);
 541              		.loc 1 105 13 is_stmt 0 view .LVU131
 542 0008 0DF1040C 		add	ip, sp, #4
 543 000c 0C4A     		ldr	r2, .L45
 544 000e 07CA     		ldm	r2, {r0, r1, r2}
 545              	.LVL43:
 105:Core/Src/emm42.c ****     memcpy(control->controlBytes, defaultBytes, 9);
 546              		.loc 1 105 13 view .LVU132
 547 0010 ACE80300 		stmia	ip!, {r0, r1}
ARM GAS  C:\Users\ASUS\AppData\Local\Temp\ccdqXAk2.s 			page 14


 548 0014 8CF80020 		strb	r2, [ip]
 106:Core/Src/emm42.c ****     memcpy(control->lastControlBytes, defaultBytes, 9);
 549              		.loc 1 106 5 is_stmt 1 view .LVU133
 550 0018 01AA     		add	r2, sp, #4
 551 001a 03CA     		ldmia	r2!, {r0, r1}
 552 001c 1860     		str	r0, [r3]	@ unaligned
 553 001e 5960     		str	r1, [r3, #4]	@ unaligned
 554 0020 1278     		ldrb	r2, [r2]	@ zero_extendqisi2
 555 0022 1A72     		strb	r2, [r3, #8]
 107:Core/Src/emm42.c ****     control->controlBytes[0] = address;
 556              		.loc 1 107 5 view .LVU134
 557 0024 01AA     		add	r2, sp, #4
 558 0026 03CA     		ldmia	r2!, {r0, r1}
 559 0028 C3F80900 		str	r0, [r3, #9]	@ unaligned
 560 002c C3F80D10 		str	r1, [r3, #13]	@ unaligned
 561 0030 1278     		ldrb	r2, [r2]	@ zero_extendqisi2
 562 0032 5A74     		strb	r2, [r3, #17]
 108:Core/Src/emm42.c **** }
 563              		.loc 1 108 5 view .LVU135
 108:Core/Src/emm42.c **** }
 564              		.loc 1 108 30 is_stmt 0 view .LVU136
 565 0034 83F800E0 		strb	lr, [r3]
 109:Core/Src/emm42.c **** static uint8_t hasChanged_location(StepperMotorControl_location *control) 
 566              		.loc 1 109 1 view .LVU137
 567 0038 05B0     		add	sp, sp, #20
 568              	.LCFI9:
 569              		.cfi_def_cfa_offset 4
 570              		@ sp needed
 571 003a 5DF804FB 		ldr	pc, [sp], #4
 572              	.L46:
 573 003e 00BF     		.align	2
 574              	.L45:
 575 0040 08000000 		.word	.LANCHOR0+8
 576              		.cfi_endproc
 577              	.LFE143:
 579              		.global	__aeabi_f2d
 580              		.global	__aeabi_ddiv
 581              		.global	__aeabi_dmul
 582              		.global	__aeabi_d2iz
 583              		.section	.text.set_angle_control_location,"ax",%progbits
 584              		.align	1
 585              		.global	set_angle_control_location
 586              		.syntax unified
 587              		.thumb
 588              		.thumb_func
 590              	set_angle_control_location:
 591              	.LVL44:
 592              	.LFB148:
 145:Core/Src/emm42.c **** 
 146:Core/Src/emm42.c **** 
 147:Core/Src/emm42.c **** /******************************************************
 148:Core/Src/emm42.c **** Function:    	void set_angle_control_location(StepperMotorControl_location *control, float target_a
 149:Core/Src/emm42.c **** Description: 	жОІеИґжМЗеЃЪзФµжЬЇзЪДиІТеЇ¶
 150:Core/Src/emm42.c **** Calls:				 static void set_location(StepperMotorControl_location *control, Command com, int pulse_n
 151:Core/Src/emm42.c **** Input: 					StepperMotorControl_location *controlињЩдЄ™еПШйЗПжШѓзїУжЮДдљУеПШйЗПпЉМињЩдЄ™зїУжЮДдљУйЗ
 152:Core/Src/emm42.c **** 								еИЖеИЂеѓєеЇФдЇЖељУеЙНеПСйАБзЪДжХ∞жНЃпЉМдЄКжђ°еПСйАБзЪДжХ∞жНЃпЉМдї•еПКељУеЙНзЪДдљНзљЃеАЉпЉИз
 153:Core/Src/emm42.c **** 								target_angle_num	жШѓзЫЃж†ЗиІТеЇ¶
ARM GAS  C:\Users\ASUS\AppData\Local\Temp\ccdqXAk2.s 			page 15


 154:Core/Src/emm42.c **** ******************************************************/
 155:Core/Src/emm42.c **** #define a_circle_pulse 3200.0//ињЩжШѓдЄАеЬИйЬАи¶БзЪДиДЙеЖ≤жХ∞
 156:Core/Src/emm42.c **** void set_angle_control_location(StepperMotorControl_location *control, float target_angle_num)
 157:Core/Src/emm42.c **** {
 593              		.loc 1 157 1 is_stmt 1 view -0
 594              		.cfi_startproc
 595              		@ args = 0, pretend = 0, frame = 0
 596              		@ frame_needed = 0, uses_anonymous_args = 0
 597              		.loc 1 157 1 is_stmt 0 view .LVU139
 598 0000 10B5     		push	{r4, lr}
 599              	.LCFI10:
 600              		.cfi_def_cfa_offset 8
 601              		.cfi_offset 4, -8
 602              		.cfi_offset 14, -4
 603 0002 2DED028B 		vpush.64	{d8}
 604              	.LCFI11:
 605              		.cfi_def_cfa_offset 16
 606              		.cfi_offset 80, -16
 607              		.cfi_offset 81, -12
 608 0006 0446     		mov	r4, r0
 609 0008 F0EE408A 		vmov.f32	s17, s0
 158:Core/Src/emm42.c **** 	double error_angle=target_angle_num-(control->now_angle);
 610              		.loc 1 158 2 is_stmt 1 view .LVU140
 611              		.loc 1 158 46 is_stmt 0 view .LVU141
 612 000c 90ED058A 		vldr.32	s16, [r0, #20]
 613              		.loc 1 158 37 view .LVU142
 614 0010 30EE488A 		vsub.f32	s16, s0, s16
 615              		.loc 1 158 9 view .LVU143
 616 0014 18EE100A 		vmov	r0, s16
 617              	.LVL45:
 618              		.loc 1 158 9 view .LVU144
 619 0018 FFF7FEFF 		bl	__aeabi_f2d
 620              	.LVL46:
 159:Core/Src/emm42.c **** 	int need_pulse=(int)(error_angle/360.0*a_circle_pulse);
 621              		.loc 1 159 2 is_stmt 1 view .LVU145
 622              		.loc 1 159 34 is_stmt 0 view .LVU146
 623 001c 0022     		movs	r2, #0
 624 001e 104B     		ldr	r3, .L53
 625 0020 FFF7FEFF 		bl	__aeabi_ddiv
 626              	.LVL47:
 627              		.loc 1 159 40 view .LVU147
 628 0024 0022     		movs	r2, #0
 629 0026 0F4B     		ldr	r3, .L53+4
 630 0028 FFF7FEFF 		bl	__aeabi_dmul
 631              	.LVL48:
 632              		.loc 1 159 6 view .LVU148
 633 002c FFF7FEFF 		bl	__aeabi_d2iz
 634              	.LVL49:
 160:Core/Src/emm42.c **** 	if(error_angle!=0)
 635              		.loc 1 160 2 is_stmt 1 view .LVU149
 636              		.loc 1 160 4 is_stmt 0 view .LVU150
 637 0030 B5EE408A 		vcmp.f32	s16, #0
 638 0034 F1EE10FA 		vmrs	APSR_nzcv, FPSCR
 639 0038 08D0     		beq	.L47
 161:Core/Src/emm42.c **** 	{
 162:Core/Src/emm42.c **** 		if(need_pulse<0)
 640              		.loc 1 162 3 is_stmt 1 view .LVU151
ARM GAS  C:\Users\ASUS\AppData\Local\Temp\ccdqXAk2.s 			page 16


 641              		.loc 1 162 5 is_stmt 0 view .LVU152
 642 003a 0028     		cmp	r0, #0
 643 003c 09DB     		blt	.L52
 163:Core/Src/emm42.c **** 		{
 164:Core/Src/emm42.c **** 			set_location(control,reverse, -need_pulse);//ж≥®жДПж≠§е§ДзЪДreverseеПѓиГљйЬАи¶БжФєжИРforwardпЉМи
 165:Core/Src/emm42.c **** 		}
 166:Core/Src/emm42.c **** 		else
 167:Core/Src/emm42.c **** 		{
 168:Core/Src/emm42.c **** 			set_location(control,forward, need_pulse);//ж≥®жДПж≠§е§ДзЪДforwardеПѓиГљйЬАи¶БжФєжИРreverseпЉМињ
 644              		.loc 1 168 4 is_stmt 1 view .LVU153
 645 003e 0246     		mov	r2, r0
 646 0040 1221     		movs	r1, #18
 647 0042 2046     		mov	r0, r4
 648              	.LVL50:
 649              		.loc 1 168 4 is_stmt 0 view .LVU154
 650 0044 FFF7FEFF 		bl	set_location
 651              	.LVL51:
 652              	.L50:
 169:Core/Src/emm42.c **** 		}
 170:Core/Src/emm42.c **** 		control->now_angle=target_angle_num;
 653              		.loc 1 170 3 is_stmt 1 view .LVU155
 654              		.loc 1 170 21 is_stmt 0 view .LVU156
 655 0048 C4ED058A 		vstr.32	s17, [r4, #20]
 656              	.L47:
 171:Core/Src/emm42.c **** 		
 172:Core/Src/emm42.c **** 	}
 173:Core/Src/emm42.c **** }...
 657              		.loc 1 173 1 view .LVU157
 658 004c BDEC028B 		vldm	sp!, {d8}
 659              	.LCFI12:
 660              		.cfi_remember_state
 661              		.cfi_restore 80
 662              		.cfi_restore 81
 663              		.cfi_def_cfa_offset 8
 664 0050 10BD     		pop	{r4, pc}
 665              	.LVL52:
 666              	.L52:
 667              	.LCFI13:
 668              		.cfi_restore_state
 164:Core/Src/emm42.c **** 			set_location(control,reverse, -need_pulse);//ж≥®жДПж≠§е§ДзЪДreverseеПѓиГљйЬАи¶БжФєжИРforwardпЉМи
 669              		.loc 1 164 4 is_stmt 1 view .LVU158
 670 0052 4242     		rsbs	r2, r0, #0
 671 0054 0221     		movs	r1, #2
 672 0056 2046     		mov	r0, r4
 673              	.LVL53:
 164:Core/Src/emm42.c **** 			set_location(control,reverse, -need_pulse);//ж≥®жДПж≠§е§ДзЪДreverseеПѓиГљйЬАи¶БжФєжИРforwardпЉМи
 674              		.loc 1 164 4 is_stmt 0 view .LVU159
 675 0058 FFF7FEFF 		bl	set_location
 676              	.LVL54:
 164:Core/Src/emm42.c **** 			set_location(control,reverse, -need_pulse);//ж≥®жДПж≠§е§ДзЪДreverseеПѓиГљйЬАи¶БжФєжИРforwardпЉМи
 677              		.loc 1 164 4 view .LVU160
 678 005c F4E7     		b	.L50
 679              	.L54:
 680 005e 00BF     		.align	2
 681              	.L53:
 682 0060 00807640 		.word	1081507840
 683 0064 0000A940 		.word	1084817408
ARM GAS  C:\Users\ASUS\AppData\Local\Temp\ccdqXAk2.s 			page 17


 684              		.cfi_endproc
 685              	.LFE148:
 687              		.global	moto_8
 688              		.global	moto_9
 689              		.global	moto4
 690              		.global	moto3
 691              		.global	moto2
 692              		.global	moto1
 693              		.section	.rodata
 694              		.align	2
 695              		.set	.LANCHOR0,. + 0
 696              	.LC0:
 697 0000 00F61000 		.ascii	"\000\366\020\000\257k"
 697      AF6B
 698 0006 0000     		.space	2
 699              	.LC1:
 700 0008 00FD1200 		.ascii	"\000\375\022\000\257\000\000\000k"
 700      AF000000 
 700      6B
 701              		.section	.bss.moto1,"aw",%nobits
 702              		.align	2
 705              	moto1:
 706 0000 00000000 		.space	12
 706      00000000 
 706      00000000 
 707              		.section	.bss.moto2,"aw",%nobits
 708              		.align	2
 711              	moto2:
 712 0000 00000000 		.space	12
 712      00000000 
 712      00000000 
 713              		.section	.bss.moto3,"aw",%nobits
 714              		.align	2
 717              	moto3:
 718 0000 00000000 		.space	12
 718      00000000 
 718      00000000 
 719              		.section	.bss.moto4,"aw",%nobits
 720              		.align	2
 723              	moto4:
 724 0000 00000000 		.space	12
 724      00000000 
 724      00000000 
 725              		.section	.bss.moto_8,"aw",%nobits
 726              		.align	2
 729              	moto_8:
 730 0000 00000000 		.space	24
 730      00000000 
 730      00000000 
 730      00000000 
 730      00000000 
 731              		.section	.bss.moto_9,"aw",%nobits
 732              		.align	2
 735              	moto_9:
 736 0000 00000000 		.space	24
 736      00000000 
 736      00000000 
ARM GAS  C:\Users\ASUS\AppData\Local\Temp\ccdqXAk2.s 			page 18


 736      00000000 
 736      00000000 
 737              		.text
 738              	.Letext0:
 739              		.file 2 "d:\\chain\\gcc-arm-none-eabi-10.3-2021.10-win32\\gcc-arm-none-eabi-10.3-2021.10\\arm-none
 740              		.file 3 "d:\\chain\\gcc-arm-none-eabi-10.3-2021.10-win32\\gcc-arm-none-eabi-10.3-2021.10\\arm-none
 741              		.file 4 "Drivers/CMSIS/Device/ST/STM32F4xx/Include/stm32f427xx.h"
 742              		.file 5 "Drivers/STM32F4xx_HAL_Driver/Inc/stm32f4xx_hal_def.h"
 743              		.file 6 "Drivers/STM32F4xx_HAL_Driver/Inc/stm32f4xx_hal_dma.h"
 744              		.file 7 "Drivers/STM32F4xx_HAL_Driver/Inc/stm32f4xx_hal_uart.h"
 745              		.file 8 "Core/Inc/emm42.h"
 746              		.file 9 "Core/Inc/usart.h"
ARM GAS  C:\Users\ASUS\AppData\Local\Temp\ccdqXAk2.s 			page 19


DEFINED SYMBOLS
                            *ABS*:00000000 emm42.c
C:\Users\ASUS\AppData\Local\Temp\ccdqXAk2.s:20     .text.hasChanged:00000000 $t
C:\Users\ASUS\AppData\Local\Temp\ccdqXAk2.s:25     .text.hasChanged:00000000 hasChanged
C:\Users\ASUS\AppData\Local\Temp\ccdqXAk2.s:85     .text.updateLastControlBytes:00000000 $t
C:\Users\ASUS\AppData\Local\Temp\ccdqXAk2.s:90     .text.updateLastControlBytes:00000000 updateLastControlBytes
C:\Users\ASUS\AppData\Local\Temp\ccdqXAk2.s:132    .text.hasChanged_location:00000000 $t
C:\Users\ASUS\AppData\Local\Temp\ccdqXAk2.s:137    .text.hasChanged_location:00000000 hasChanged_location
C:\Users\ASUS\AppData\Local\Temp\ccdqXAk2.s:196    .text.updateLastControlBytes_location:00000000 $t
C:\Users\ASUS\AppData\Local\Temp\ccdqXAk2.s:201    .text.updateLastControlBytes_location:00000000 updateLastControlBytes_location
C:\Users\ASUS\AppData\Local\Temp\ccdqXAk2.s:243    .text.sendCommand:00000000 $t
C:\Users\ASUS\AppData\Local\Temp\ccdqXAk2.s:248    .text.sendCommand:00000000 sendCommand
C:\Users\ASUS\AppData\Local\Temp\ccdqXAk2.s:289    .text.sendCommand:00000020 $d
C:\Users\ASUS\AppData\Local\Temp\ccdqXAk2.s:294    .text.sendCommand_location:00000000 $t
C:\Users\ASUS\AppData\Local\Temp\ccdqXAk2.s:299    .text.sendCommand_location:00000000 sendCommand_location
C:\Users\ASUS\AppData\Local\Temp\ccdqXAk2.s:340    .text.sendCommand_location:00000020 $d
C:\Users\ASUS\AppData\Local\Temp\ccdqXAk2.s:345    .text.set_location:00000000 $t
C:\Users\ASUS\AppData\Local\Temp\ccdqXAk2.s:350    .text.set_location:00000000 set_location
C:\Users\ASUS\AppData\Local\Temp\ccdqXAk2.s:384    .text.StepperMotorControl_init:00000000 $t
C:\Users\ASUS\AppData\Local\Temp\ccdqXAk2.s:390    .text.StepperMotorControl_init:00000000 StepperMotorControl_init
C:\Users\ASUS\AppData\Local\Temp\ccdqXAk2.s:431    .text.StepperMotorControl_init:00000028 $d
C:\Users\ASUS\AppData\Local\Temp\ccdqXAk2.s:436    .text.set_speed:00000000 $t
C:\Users\ASUS\AppData\Local\Temp\ccdqXAk2.s:442    .text.set_speed:00000000 set_speed
C:\Users\ASUS\AppData\Local\Temp\ccdqXAk2.s:486    .text.set_acceleration:00000000 $t
C:\Users\ASUS\AppData\Local\Temp\ccdqXAk2.s:492    .text.set_acceleration:00000000 set_acceleration
C:\Users\ASUS\AppData\Local\Temp\ccdqXAk2.s:517    .text.StepperMotorControl_init_location:00000000 $t
C:\Users\ASUS\AppData\Local\Temp\ccdqXAk2.s:523    .text.StepperMotorControl_init_location:00000000 StepperMotorControl_init_location
C:\Users\ASUS\AppData\Local\Temp\ccdqXAk2.s:575    .text.StepperMotorControl_init_location:00000040 $d
C:\Users\ASUS\AppData\Local\Temp\ccdqXAk2.s:584    .text.set_angle_control_location:00000000 $t
C:\Users\ASUS\AppData\Local\Temp\ccdqXAk2.s:590    .text.set_angle_control_location:00000000 set_angle_control_location
C:\Users\ASUS\AppData\Local\Temp\ccdqXAk2.s:682    .text.set_angle_control_location:00000060 $d
C:\Users\ASUS\AppData\Local\Temp\ccdqXAk2.s:729    .bss.moto_8:00000000 moto_8
C:\Users\ASUS\AppData\Local\Temp\ccdqXAk2.s:735    .bss.moto_9:00000000 moto_9
C:\Users\ASUS\AppData\Local\Temp\ccdqXAk2.s:723    .bss.moto4:00000000 moto4
C:\Users\ASUS\AppData\Local\Temp\ccdqXAk2.s:717    .bss.moto3:00000000 moto3
C:\Users\ASUS\AppData\Local\Temp\ccdqXAk2.s:711    .bss.moto2:00000000 moto2
C:\Users\ASUS\AppData\Local\Temp\ccdqXAk2.s:705    .bss.moto1:00000000 moto1
C:\Users\ASUS\AppData\Local\Temp\ccdqXAk2.s:694    .rodata:00000000 $d
C:\Users\ASUS\AppData\Local\Temp\ccdqXAk2.s:702    .bss.moto1:00000000 $d
C:\Users\ASUS\AppData\Local\Temp\ccdqXAk2.s:708    .bss.moto2:00000000 $d
C:\Users\ASUS\AppData\Local\Temp\ccdqXAk2.s:714    .bss.moto3:00000000 $d
C:\Users\ASUS\AppData\Local\Temp\ccdqXAk2.s:720    .bss.moto4:00000000 $d
C:\Users\ASUS\AppData\Local\Temp\ccdqXAk2.s:726    .bss.moto_8:00000000 $d
C:\Users\ASUS\AppData\Local\Temp\ccdqXAk2.s:732    .bss.moto_9:00000000 $d

UNDEFINED SYMBOLS
HAL_UART_Transmit
huart6
__aeabi_f2d
__aeabi_ddiv
__aeabi_dmul
__aeabi_d2iz
