ARM GAS  C:\Users\ASUS\AppData\Local\Temp\ccFMTShf.s 			page 1


   1              		.cpu cortex-m4
   2              		.arch armv7e-m
   3              		.fpu fpv4-sp-d16
   4              		.eabi_attribute 27, 1
   5              		.eabi_attribute 28, 1
   6              		.eabi_attribute 20, 1
   7              		.eabi_attribute 21, 1
   8              		.eabi_attribute 23, 3
   9              		.eabi_attribute 24, 1
  10              		.eabi_attribute 25, 1
  11              		.eabi_attribute 26, 1
  12              		.eabi_attribute 30, 1
  13              		.eabi_attribute 34, 1
  14              		.eabi_attribute 18, 4
  15              		.file	"tim.c"
  16              		.text
  17              	.Ltext0:
  18              		.cfi_sections	.debug_frame
  19              		.section	.text.MX_TIM6_Init,"ax",%progbits
  20              		.align	1
  21              		.global	MX_TIM6_Init
  22              		.syntax unified
  23              		.thumb
  24              		.thumb_func
  26              	MX_TIM6_Init:
  27              	.LFB134:
  28              		.file 1 "Core/Src/tim.c"
   1:Core/Src/tim.c **** /* USER CODE BEGIN Header */
   2:Core/Src/tim.c **** /**
   3:Core/Src/tim.c ****   ******************************************************************************
   4:Core/Src/tim.c ****   * @file    tim.c
   5:Core/Src/tim.c ****   * @brief   This file provides code for the configuration
   6:Core/Src/tim.c ****   *          of the TIM instances.
   7:Core/Src/tim.c ****   ******************************************************************************
   8:Core/Src/tim.c ****   * @attention
   9:Core/Src/tim.c ****   *
  10:Core/Src/tim.c ****   * Copyright (c) 2026 STMicroelectronics.
  11:Core/Src/tim.c ****   * All rights reserved.
  12:Core/Src/tim.c ****   *
  13:Core/Src/tim.c ****   * This software is licensed under terms that can be found in the LICENSE file
  14:Core/Src/tim.c ****   * in the root directory of this software component.
  15:Core/Src/tim.c ****   * If no LICENSE file comes with this software, it is provided AS-IS.
  16:Core/Src/tim.c ****   *
  17:Core/Src/tim.c ****   ******************************************************************************
  18:Core/Src/tim.c ****   */
  19:Core/Src/tim.c **** /* USER CODE END Header */
  20:Core/Src/tim.c **** /* Includes ------------------------------------------------------------------*/
  21:Core/Src/tim.c **** #include "tim.h"
  22:Core/Src/tim.c **** 
  23:Core/Src/tim.c **** /* USER CODE BEGIN 0 */
  24:Core/Src/tim.c **** #include "Emm_V5.h"
  25:Core/Src/tim.c **** #include "stdbool.h"
  26:Core/Src/tim.c **** 
  27:Core/Src/tim.c **** /* USER CODE END 0 */
  28:Core/Src/tim.c **** 
  29:Core/Src/tim.c **** TIM_HandleTypeDef htim6;
  30:Core/Src/tim.c **** 
ARM GAS  C:\Users\ASUS\AppData\Local\Temp\ccFMTShf.s 			page 2


  31:Core/Src/tim.c **** /* TIM6 init function */
  32:Core/Src/tim.c **** void MX_TIM6_Init(void)
  33:Core/Src/tim.c **** {
  29              		.loc 1 33 1 view -0
  30              		.cfi_startproc
  31              		@ args = 0, pretend = 0, frame = 8
  32              		@ frame_needed = 0, uses_anonymous_args = 0
  33 0000 00B5     		push	{lr}
  34              	.LCFI0:
  35              		.cfi_def_cfa_offset 4
  36              		.cfi_offset 14, -4
  37 0002 83B0     		sub	sp, sp, #12
  38              	.LCFI1:
  39              		.cfi_def_cfa_offset 16
  34:Core/Src/tim.c **** 
  35:Core/Src/tim.c ****   /* USER CODE BEGIN TIM6_Init 0 */
  36:Core/Src/tim.c **** 
  37:Core/Src/tim.c ****   /* USER CODE END TIM6_Init 0 */
  38:Core/Src/tim.c **** 
  39:Core/Src/tim.c ****   TIM_MasterConfigTypeDef sMasterConfig = {0};
  40              		.loc 1 39 3 view .LVU1
  41              		.loc 1 39 27 is_stmt 0 view .LVU2
  42 0004 0023     		movs	r3, #0
  43 0006 0093     		str	r3, [sp]
  44 0008 0193     		str	r3, [sp, #4]
  40:Core/Src/tim.c **** 
  41:Core/Src/tim.c ****   /* USER CODE BEGIN TIM6_Init 1 */
  42:Core/Src/tim.c **** 
  43:Core/Src/tim.c ****   /* USER CODE END TIM6_Init 1 */
  44:Core/Src/tim.c ****   htim6.Instance = TIM6;
  45              		.loc 1 44 3 is_stmt 1 view .LVU3
  46              		.loc 1 44 18 is_stmt 0 view .LVU4
  47 000a 0F48     		ldr	r0, .L7
  48 000c 0F4A     		ldr	r2, .L7+4
  49 000e 0260     		str	r2, [r0]
  45:Core/Src/tim.c ****   htim6.Init.Prescaler = 89;
  50              		.loc 1 45 3 is_stmt 1 view .LVU5
  51              		.loc 1 45 24 is_stmt 0 view .LVU6
  52 0010 5922     		movs	r2, #89
  53 0012 4260     		str	r2, [r0, #4]
  46:Core/Src/tim.c ****   htim6.Init.CounterMode = TIM_COUNTERMODE_UP;
  54              		.loc 1 46 3 is_stmt 1 view .LVU7
  55              		.loc 1 46 26 is_stmt 0 view .LVU8
  56 0014 8360     		str	r3, [r0, #8]
  47:Core/Src/tim.c ****   htim6.Init.Period = 9999;
  57              		.loc 1 47 3 is_stmt 1 view .LVU9
  58              		.loc 1 47 21 is_stmt 0 view .LVU10
  59 0016 42F20F72 		movw	r2, #9999
  60 001a C260     		str	r2, [r0, #12]
  48:Core/Src/tim.c ****   htim6.Init.AutoReloadPreload = TIM_AUTORELOAD_PRELOAD_DISABLE;
  61              		.loc 1 48 3 is_stmt 1 view .LVU11
  62              		.loc 1 48 32 is_stmt 0 view .LVU12
  63 001c 8361     		str	r3, [r0, #24]
  49:Core/Src/tim.c ****   if (HAL_TIM_Base_Init(&htim6) != HAL_OK)
  64              		.loc 1 49 3 is_stmt 1 view .LVU13
  65              		.loc 1 49 7 is_stmt 0 view .LVU14
  66 001e FFF7FEFF 		bl	HAL_TIM_Base_Init
ARM GAS  C:\Users\ASUS\AppData\Local\Temp\ccFMTShf.s 			page 3


  67              	.LVL0:
  68              		.loc 1 49 6 view .LVU15
  69 0022 50B9     		cbnz	r0, .L5
  70              	.L2:
  50:Core/Src/tim.c ****   {
  51:Core/Src/tim.c ****     Error_Handler();
  52:Core/Src/tim.c ****   }
  53:Core/Src/tim.c ****   sMasterConfig.MasterOutputTrigger = TIM_TRGO_RESET;
  71              		.loc 1 53 3 is_stmt 1 view .LVU16
  72              		.loc 1 53 37 is_stmt 0 view .LVU17
  73 0024 0023     		movs	r3, #0
  74 0026 0093     		str	r3, [sp]
  54:Core/Src/tim.c ****   sMasterConfig.MasterSlaveMode = TIM_MASTERSLAVEMODE_DISABLE;
  75              		.loc 1 54 3 is_stmt 1 view .LVU18
  76              		.loc 1 54 33 is_stmt 0 view .LVU19
  77 0028 0193     		str	r3, [sp, #4]
  55:Core/Src/tim.c ****   if (HAL_TIMEx_MasterConfigSynchronization(&htim6, &sMasterConfig) != HAL_OK)
  78              		.loc 1 55 3 is_stmt 1 view .LVU20
  79              		.loc 1 55 7 is_stmt 0 view .LVU21
  80 002a 6946     		mov	r1, sp
  81 002c 0648     		ldr	r0, .L7
  82 002e FFF7FEFF 		bl	HAL_TIMEx_MasterConfigSynchronization
  83              	.LVL1:
  84              		.loc 1 55 6 view .LVU22
  85 0032 28B9     		cbnz	r0, .L6
  86              	.L1:
  56:Core/Src/tim.c ****   {
  57:Core/Src/tim.c ****     Error_Handler();
  58:Core/Src/tim.c ****   }
  59:Core/Src/tim.c ****   /* USER CODE BEGIN TIM6_Init 2 */
  60:Core/Src/tim.c **** 
  61:Core/Src/tim.c ****   /* USER CODE END TIM6_Init 2 */
  62:Core/Src/tim.c **** 
  63:Core/Src/tim.c **** }
  87              		.loc 1 63 1 view .LVU23
  88 0034 03B0     		add	sp, sp, #12
  89              	.LCFI2:
  90              		.cfi_remember_state
  91              		.cfi_def_cfa_offset 4
  92              		@ sp needed
  93 0036 5DF804FB 		ldr	pc, [sp], #4
  94              	.L5:
  95              	.LCFI3:
  96              		.cfi_restore_state
  51:Core/Src/tim.c ****   }
  97              		.loc 1 51 5 is_stmt 1 view .LVU24
  98 003a FFF7FEFF 		bl	Error_Handler
  99              	.LVL2:
 100 003e F1E7     		b	.L2
 101              	.L6:
  57:Core/Src/tim.c ****   }
 102              		.loc 1 57 5 view .LVU25
 103 0040 FFF7FEFF 		bl	Error_Handler
 104              	.LVL3:
 105              		.loc 1 63 1 is_stmt 0 view .LVU26
 106 0044 F6E7     		b	.L1
 107              	.L8:
ARM GAS  C:\Users\ASUS\AppData\Local\Temp\ccFMTShf.s 			page 4


 108 0046 00BF     		.align	2
 109              	.L7:
 110 0048 00000000 		.word	.LANCHOR0
 111 004c 00100040 		.word	1073745920
 112              		.cfi_endproc
 113              	.LFE134:
 115              		.section	.text.HAL_TIM_Base_MspInit,"ax",%progbits
 116              		.align	1
 117              		.global	HAL_TIM_Base_MspInit
 118              		.syntax unified
 119              		.thumb
 120              		.thumb_func
 122              	HAL_TIM_Base_MspInit:
 123              	.LVL4:
 124              	.LFB135:
  64:Core/Src/tim.c **** 
  65:Core/Src/tim.c **** void HAL_TIM_Base_MspInit(TIM_HandleTypeDef* tim_baseHandle)
  66:Core/Src/tim.c **** {
 125              		.loc 1 66 1 is_stmt 1 view -0
 126              		.cfi_startproc
 127              		@ args = 0, pretend = 0, frame = 8
 128              		@ frame_needed = 0, uses_anonymous_args = 0
  67:Core/Src/tim.c **** 
  68:Core/Src/tim.c ****   if(tim_baseHandle->Instance==TIM6)
 129              		.loc 1 68 3 view .LVU28
 130              		.loc 1 68 20 is_stmt 0 view .LVU29
 131 0000 0268     		ldr	r2, [r0]
 132              		.loc 1 68 5 view .LVU30
 133 0002 0E4B     		ldr	r3, .L16
 134 0004 9A42     		cmp	r2, r3
 135 0006 00D0     		beq	.L15
 136 0008 7047     		bx	lr
 137              	.L15:
  66:Core/Src/tim.c **** 
 138              		.loc 1 66 1 view .LVU31
 139 000a 00B5     		push	{lr}
 140              	.LCFI4:
 141              		.cfi_def_cfa_offset 4
 142              		.cfi_offset 14, -4
 143 000c 83B0     		sub	sp, sp, #12
 144              	.LCFI5:
 145              		.cfi_def_cfa_offset 16
  69:Core/Src/tim.c ****   {
  70:Core/Src/tim.c ****   /* USER CODE BEGIN TIM6_MspInit 0 */
  71:Core/Src/tim.c **** 
  72:Core/Src/tim.c ****   /* USER CODE END TIM6_MspInit 0 */
  73:Core/Src/tim.c ****     /* TIM6 clock enable */
  74:Core/Src/tim.c ****     __HAL_RCC_TIM6_CLK_ENABLE();
 146              		.loc 1 74 5 is_stmt 1 view .LVU32
 147              	.LBB2:
 148              		.loc 1 74 5 view .LVU33
 149 000e 0021     		movs	r1, #0
 150 0010 0191     		str	r1, [sp, #4]
 151              		.loc 1 74 5 view .LVU34
 152 0012 03F50A33 		add	r3, r3, #141312
 153 0016 1A6C     		ldr	r2, [r3, #64]
 154 0018 42F01002 		orr	r2, r2, #16
ARM GAS  C:\Users\ASUS\AppData\Local\Temp\ccFMTShf.s 			page 5


 155 001c 1A64     		str	r2, [r3, #64]
 156              		.loc 1 74 5 view .LVU35
 157 001e 1B6C     		ldr	r3, [r3, #64]
 158 0020 03F01003 		and	r3, r3, #16
 159 0024 0193     		str	r3, [sp, #4]
 160              		.loc 1 74 5 view .LVU36
 161 0026 019B     		ldr	r3, [sp, #4]
 162              	.LBE2:
 163              		.loc 1 74 5 view .LVU37
  75:Core/Src/tim.c **** 
  76:Core/Src/tim.c ****     /* TIM6 interrupt Init */
  77:Core/Src/tim.c ****     HAL_NVIC_SetPriority(TIM6_DAC_IRQn, 0, 0);
 164              		.loc 1 77 5 view .LVU38
 165 0028 0A46     		mov	r2, r1
 166 002a 3620     		movs	r0, #54
 167              	.LVL5:
 168              		.loc 1 77 5 is_stmt 0 view .LVU39
 169 002c FFF7FEFF 		bl	HAL_NVIC_SetPriority
 170              	.LVL6:
  78:Core/Src/tim.c ****     HAL_NVIC_EnableIRQ(TIM6_DAC_IRQn);
 171              		.loc 1 78 5 is_stmt 1 view .LVU40
 172 0030 3620     		movs	r0, #54
 173 0032 FFF7FEFF 		bl	HAL_NVIC_EnableIRQ
 174              	.LVL7:
  79:Core/Src/tim.c ****   /* USER CODE BEGIN TIM6_MspInit 1 */
  80:Core/Src/tim.c **** 
  81:Core/Src/tim.c ****   /* USER CODE END TIM6_MspInit 1 */
  82:Core/Src/tim.c ****   }
  83:Core/Src/tim.c **** }
 175              		.loc 1 83 1 is_stmt 0 view .LVU41
 176 0036 03B0     		add	sp, sp, #12
 177              	.LCFI6:
 178              		.cfi_def_cfa_offset 4
 179              		@ sp needed
 180 0038 5DF804FB 		ldr	pc, [sp], #4
 181              	.L17:
 182              		.align	2
 183              	.L16:
 184 003c 00100040 		.word	1073745920
 185              		.cfi_endproc
 186              	.LFE135:
 188              		.section	.text.HAL_TIM_Base_MspDeInit,"ax",%progbits
 189              		.align	1
 190              		.global	HAL_TIM_Base_MspDeInit
 191              		.syntax unified
 192              		.thumb
 193              		.thumb_func
 195              	HAL_TIM_Base_MspDeInit:
 196              	.LVL8:
 197              	.LFB136:
  84:Core/Src/tim.c **** 
  85:Core/Src/tim.c **** void HAL_TIM_Base_MspDeInit(TIM_HandleTypeDef* tim_baseHandle)
  86:Core/Src/tim.c **** {
 198              		.loc 1 86 1 is_stmt 1 view -0
 199              		.cfi_startproc
 200              		@ args = 0, pretend = 0, frame = 0
 201              		@ frame_needed = 0, uses_anonymous_args = 0
ARM GAS  C:\Users\ASUS\AppData\Local\Temp\ccFMTShf.s 			page 6


 202              		.loc 1 86 1 is_stmt 0 view .LVU43
 203 0000 08B5     		push	{r3, lr}
 204              	.LCFI7:
 205              		.cfi_def_cfa_offset 8
 206              		.cfi_offset 3, -8
 207              		.cfi_offset 14, -4
  87:Core/Src/tim.c **** 
  88:Core/Src/tim.c ****   if(tim_baseHandle->Instance==TIM6)
 208              		.loc 1 88 3 is_stmt 1 view .LVU44
 209              		.loc 1 88 20 is_stmt 0 view .LVU45
 210 0002 0268     		ldr	r2, [r0]
 211              		.loc 1 88 5 view .LVU46
 212 0004 064B     		ldr	r3, .L22
 213 0006 9A42     		cmp	r2, r3
 214 0008 00D0     		beq	.L21
 215              	.LVL9:
 216              	.L18:
  89:Core/Src/tim.c ****   {
  90:Core/Src/tim.c ****   /* USER CODE BEGIN TIM6_MspDeInit 0 */
  91:Core/Src/tim.c **** 
  92:Core/Src/tim.c ****   /* USER CODE END TIM6_MspDeInit 0 */
  93:Core/Src/tim.c ****     /* Peripheral clock disable */
  94:Core/Src/tim.c ****     __HAL_RCC_TIM6_CLK_DISABLE();
  95:Core/Src/tim.c **** 
  96:Core/Src/tim.c ****     /* TIM6 interrupt Deinit */
  97:Core/Src/tim.c ****     HAL_NVIC_DisableIRQ(TIM6_DAC_IRQn);
  98:Core/Src/tim.c ****   /* USER CODE BEGIN TIM6_MspDeInit 1 */
  99:Core/Src/tim.c **** 
 100:Core/Src/tim.c ****   /* USER CODE END TIM6_MspDeInit 1 */
 101:Core/Src/tim.c ****   }
 102:Core/Src/tim.c **** }
 217              		.loc 1 102 1 view .LVU47
 218 000a 08BD     		pop	{r3, pc}
 219              	.LVL10:
 220              	.L21:
  94:Core/Src/tim.c **** 
 221              		.loc 1 94 5 is_stmt 1 view .LVU48
 222 000c 054A     		ldr	r2, .L22+4
 223 000e 136C     		ldr	r3, [r2, #64]
 224 0010 23F01003 		bic	r3, r3, #16
 225 0014 1364     		str	r3, [r2, #64]
  97:Core/Src/tim.c ****   /* USER CODE BEGIN TIM6_MspDeInit 1 */
 226              		.loc 1 97 5 view .LVU49
 227 0016 3620     		movs	r0, #54
 228              	.LVL11:
  97:Core/Src/tim.c ****   /* USER CODE BEGIN TIM6_MspDeInit 1 */
 229              		.loc 1 97 5 is_stmt 0 view .LVU50
 230 0018 FFF7FEFF 		bl	HAL_NVIC_DisableIRQ
 231              	.LVL12:
 232              		.loc 1 102 1 view .LVU51
 233 001c F5E7     		b	.L18
 234              	.L23:
 235 001e 00BF     		.align	2
 236              	.L22:
 237 0020 00100040 		.word	1073745920
 238 0024 00380240 		.word	1073887232
 239              		.cfi_endproc
ARM GAS  C:\Users\ASUS\AppData\Local\Temp\ccFMTShf.s 			page 7


 240              	.LFE136:
 242              		.section	.text.HAL_TIM_PeriodElapsedCallback,"ax",%progbits
 243              		.align	1
 244              		.global	HAL_TIM_PeriodElapsedCallback
 245              		.syntax unified
 246              		.thumb
 247              		.thumb_func
 249              	HAL_TIM_PeriodElapsedCallback:
 250              	.LVL13:
 251              	.LFB137:
 103:Core/Src/tim.c **** 
 104:Core/Src/tim.c **** /* USER CODE BEGIN 1 */
 105:Core/Src/tim.c **** int count = 0;
 106:Core/Src/tim.c **** int flag = 0;
 107:Core/Src/tim.c **** 
 108:Core/Src/tim.c **** void HAL_TIM_PeriodElapsedCallback(TIM_HandleTypeDef *htim)
 109:Core/Src/tim.c **** {
 252              		.loc 1 109 1 is_stmt 1 view -0
 253              		.cfi_startproc
 254              		@ args = 0, pretend = 0, frame = 0
 255              		@ frame_needed = 0, uses_anonymous_args = 0
 256              		@ link register save eliminated.
 110:Core/Src/tim.c ****   if(htim->Instance == TIM6)
 257              		.loc 1 110 3 view .LVU53
 258              		.loc 1 110 10 is_stmt 0 view .LVU54
 259 0000 0268     		ldr	r2, [r0]
 260              		.loc 1 110 5 view .LVU55
 261 0002 0D4B     		ldr	r3, .L27
 262 0004 9A42     		cmp	r2, r3
 263 0006 00D0     		beq	.L26
 264              	.L24:
 111:Core/Src/tim.c ****   {
 112:Core/Src/tim.c ****     count++;
 113:Core/Src/tim.c ****     if(count % 1000 == 0) // 计时10s
 114:Core/Src/tim.c ****     {
 115:Core/Src/tim.c ****       flag = !flag;
 116:Core/Src/tim.c ****     }
 117:Core/Src/tim.c ****   }
 118:Core/Src/tim.c **** }
 265              		.loc 1 118 1 view .LVU56
 266 0008 7047     		bx	lr
 267              	.L26:
 112:Core/Src/tim.c ****     if(count % 1000 == 0) // 计时10s
 268              		.loc 1 112 5 is_stmt 1 view .LVU57
 112:Core/Src/tim.c ****     if(count % 1000 == 0) // 计时10s
 269              		.loc 1 112 10 is_stmt 0 view .LVU58
 270 000a 0C4A     		ldr	r2, .L27+4
 271 000c 1368     		ldr	r3, [r2]
 272 000e 0133     		adds	r3, r3, #1
 273 0010 1360     		str	r3, [r2]
 113:Core/Src/tim.c ****     {
 274              		.loc 1 113 5 is_stmt 1 view .LVU59
 113:Core/Src/tim.c ****     {
 275              		.loc 1 113 14 is_stmt 0 view .LVU60
 276 0012 0B49     		ldr	r1, .L27+8
 277 0014 81FB0321 		smull	r2, r1, r1, r3
 278 0018 DA17     		asrs	r2, r3, #31
ARM GAS  C:\Users\ASUS\AppData\Local\Temp\ccFMTShf.s 			page 8


 279 001a C2EBA112 		rsb	r2, r2, r1, asr #6
 280 001e 4FF47A71 		mov	r1, #1000
 281 0022 01FB1232 		mls	r2, r1, r2, r3
 113:Core/Src/tim.c ****     {
 282              		.loc 1 113 7 view .LVU61
 283 0026 002A     		cmp	r2, #0
 284 0028 EED1     		bne	.L24
 115:Core/Src/tim.c ****     }
 285              		.loc 1 115 7 is_stmt 1 view .LVU62
 115:Core/Src/tim.c ****     }
 286              		.loc 1 115 14 is_stmt 0 view .LVU63
 287 002a 064A     		ldr	r2, .L27+12
 288 002c 1368     		ldr	r3, [r2]
 289 002e B3FA83F3 		clz	r3, r3
 290 0032 5B09     		lsrs	r3, r3, #5
 115:Core/Src/tim.c ****     }
 291              		.loc 1 115 12 view .LVU64
 292 0034 1360     		str	r3, [r2]
 293              		.loc 1 118 1 view .LVU65
 294 0036 E7E7     		b	.L24
 295              	.L28:
 296              		.align	2
 297              	.L27:
 298 0038 00100040 		.word	1073745920
 299 003c 00000000 		.word	.LANCHOR1
 300 0040 D34D6210 		.word	274877907
 301 0044 00000000 		.word	.LANCHOR2
 302              		.cfi_endproc
 303              	.LFE137:
 305              		.global	flag
 306              		.global	count
 307              		.global	htim6
 308              		.section	.bss.count,"aw",%nobits
 309              		.align	2
 310              		.set	.LANCHOR1,. + 0
 313              	count:
 314 0000 00000000 		.space	4
 315              		.section	.bss.flag,"aw",%nobits
 316              		.align	2
 317              		.set	.LANCHOR2,. + 0
 320              	flag:
 321 0000 00000000 		.space	4
 322              		.section	.bss.htim6,"aw",%nobits
 323              		.align	2
 324              		.set	.LANCHOR0,. + 0
 327              	htim6:
 328 0000 00000000 		.space	72
 328      00000000 
 328      00000000 
 328      00000000 
 328      00000000 
 329              		.text
 330              	.Letext0:
 331              		.file 2 "d:\\chain\\gcc-arm-none-eabi-10.3-2021.10-win32\\gcc-arm-none-eabi-10.3-2021.10\\arm-none
 332              		.file 3 "d:\\chain\\gcc-arm-none-eabi-10.3-2021.10-win32\\gcc-arm-none-eabi-10.3-2021.10\\arm-none
 333              		.file 4 "Drivers/CMSIS/Device/ST/STM32F4xx/Include/stm32f427xx.h"
 334              		.file 5 "Drivers/STM32F4xx_HAL_Driver/Inc/stm32f4xx_hal_def.h"
ARM GAS  C:\Users\ASUS\AppData\Local\Temp\ccFMTShf.s 			page 9


 335              		.file 6 "Drivers/STM32F4xx_HAL_Driver/Inc/stm32f4xx_hal_dma.h"
 336              		.file 7 "Drivers/STM32F4xx_HAL_Driver/Inc/stm32f4xx_hal_tim.h"
 337              		.file 8 "Core/Inc/tim.h"
 338              		.file 9 "Drivers/STM32F4xx_HAL_Driver/Inc/stm32f4xx_hal_cortex.h"
 339              		.file 10 "Drivers/STM32F4xx_HAL_Driver/Inc/stm32f4xx_hal_tim_ex.h"
 340              		.file 11 "Core/Inc/main.h"
ARM GAS  C:\Users\ASUS\AppData\Local\Temp\ccFMTShf.s 			page 10


DEFINED SYMBOLS
                            *ABS*:00000000 tim.c
C:\Users\ASUS\AppData\Local\Temp\ccFMTShf.s:20     .text.MX_TIM6_Init:00000000 $t
C:\Users\ASUS\AppData\Local\Temp\ccFMTShf.s:26     .text.MX_TIM6_Init:00000000 MX_TIM6_Init
C:\Users\ASUS\AppData\Local\Temp\ccFMTShf.s:110    .text.MX_TIM6_Init:00000048 $d
C:\Users\ASUS\AppData\Local\Temp\ccFMTShf.s:116    .text.HAL_TIM_Base_MspInit:00000000 $t
C:\Users\ASUS\AppData\Local\Temp\ccFMTShf.s:122    .text.HAL_TIM_Base_MspInit:00000000 HAL_TIM_Base_MspInit
C:\Users\ASUS\AppData\Local\Temp\ccFMTShf.s:184    .text.HAL_TIM_Base_MspInit:0000003c $d
C:\Users\ASUS\AppData\Local\Temp\ccFMTShf.s:189    .text.HAL_TIM_Base_MspDeInit:00000000 $t
C:\Users\ASUS\AppData\Local\Temp\ccFMTShf.s:195    .text.HAL_TIM_Base_MspDeInit:00000000 HAL_TIM_Base_MspDeInit
C:\Users\ASUS\AppData\Local\Temp\ccFMTShf.s:237    .text.HAL_TIM_Base_MspDeInit:00000020 $d
C:\Users\ASUS\AppData\Local\Temp\ccFMTShf.s:243    .text.HAL_TIM_PeriodElapsedCallback:00000000 $t
C:\Users\ASUS\AppData\Local\Temp\ccFMTShf.s:249    .text.HAL_TIM_PeriodElapsedCallback:00000000 HAL_TIM_PeriodElapsedCallback
C:\Users\ASUS\AppData\Local\Temp\ccFMTShf.s:298    .text.HAL_TIM_PeriodElapsedCallback:00000038 $d
C:\Users\ASUS\AppData\Local\Temp\ccFMTShf.s:320    .bss.flag:00000000 flag
C:\Users\ASUS\AppData\Local\Temp\ccFMTShf.s:313    .bss.count:00000000 count
C:\Users\ASUS\AppData\Local\Temp\ccFMTShf.s:327    .bss.htim6:00000000 htim6
C:\Users\ASUS\AppData\Local\Temp\ccFMTShf.s:309    .bss.count:00000000 $d
C:\Users\ASUS\AppData\Local\Temp\ccFMTShf.s:316    .bss.flag:00000000 $d
C:\Users\ASUS\AppData\Local\Temp\ccFMTShf.s:323    .bss.htim6:00000000 $d

UNDEFINED SYMBOLS
HAL_TIM_Base_Init
HAL_TIMEx_MasterConfigSynchronization
Error_Handler
HAL_NVIC_SetPriority
HAL_NVIC_EnableIRQ
HAL_NVIC_DisableIRQ
